Using pre-set license
Built from '2022.2/staging' branch; Version is '2022.2.10f1 (bcebec703747) revision 12381164'; Using compiler version '192829333'; Build Type 'Release'
OS: 'Windows 10  (10.0.19045) 64bit Professional' Language: 'zh' Physical Memory: 65437 MB
BatchMode: 1, IsHumanControllingUs: 0, StartBugReporterOnCrash: 0, Is64bit: 1, IsPro: 1

COMMAND LINE ARGUMENTS:
C:\Program Files\Unity\Hub\Editor\2022.2.10f1\Editor\Unity.exe
-adb2
-batchMode
-noUpm
-name
AssetImportWorker2
-projectPath
C:/Users/dt790/Desktop/知高栫專案檔
-logFile
Logs/AssetImportWorker2.log
-srvPort
61043
Successfully changed project path to: C:/Users/dt790/Desktop/知高栫專案檔
C:/Users/dt790/Desktop/知高栫專案檔
[UnityMemory] Configuration Parameters - Can be set up in boot.config
    "memorysetup-bucket-allocator-granularity=16"
    "memorysetup-bucket-allocator-bucket-count=8"
    "memorysetup-bucket-allocator-block-size=33554432"
    "memorysetup-bucket-allocator-block-count=8"
    "memorysetup-main-allocator-block-size=16777216"
    "memorysetup-thread-allocator-block-size=16777216"
    "memorysetup-gfx-main-allocator-block-size=16777216"
    "memorysetup-gfx-thread-allocator-block-size=16777216"
    "memorysetup-cache-allocator-block-size=4194304"
    "memorysetup-typetree-allocator-block-size=2097152"
    "memorysetup-profiler-bucket-allocator-granularity=16"
    "memorysetup-profiler-bucket-allocator-bucket-count=8"
    "memorysetup-profiler-bucket-allocator-block-size=33554432"
    "memorysetup-profiler-bucket-allocator-block-count=8"
    "memorysetup-profiler-allocator-block-size=16777216"
    "memorysetup-profiler-editor-allocator-block-size=1048576"
    "memorysetup-temp-allocator-size-main=16777216"
    "memorysetup-job-temp-allocator-block-size=2097152"
    "memorysetup-job-temp-allocator-block-size-background=1048576"
    "memorysetup-job-temp-allocator-reduction-small-platforms=262144"
    "memorysetup-temp-allocator-size-background-worker=32768"
    "memorysetup-temp-allocator-size-job-worker=262144"
    "memorysetup-temp-allocator-size-preload-manager=33554432"
    "memorysetup-temp-allocator-size-nav-mesh-worker=65536"
    "memorysetup-temp-allocator-size-audio-worker=65536"
    "memorysetup-temp-allocator-size-cloud-worker=32768"
    "memorysetup-temp-allocator-size-gi-baking-worker=262144"
    "memorysetup-temp-allocator-size-gfx=262144"
Player connection [964132] Host "[IP] 26.90.9.210 [Port] 0 [Flags] 2 [Guid] 313748363 [EditorId] 313748363 [Version] 1048832 [Id] WindowsEditor(7,DESKTOP-PHMTR6E) [Debug] 1 [PackageName] WindowsEditor [ProjectName] Editor" joined multi-casting on [225.0.0.222:54997]...

Player connection [964132] Host "[IP] 26.90.9.210 [Port] 0 [Flags] 2 [Guid] 313748363 [EditorId] 313748363 [Version] 1048832 [Id] WindowsEditor(7,DESKTOP-PHMTR6E) [Debug] 1 [PackageName] WindowsEditor [ProjectName] Editor" joined alternative multi-casting on [225.0.0.222:34997]...

Refreshing native plugins compatible for Editor in 16.39 ms, found 3 plugins.
Preloading 0 native plugins for Editor in 0.00 ms.
Initialize engine version: 2022.2.10f1 (bcebec703747)
[Subsystems] Discovering subsystems at path C:/Program Files/Unity/Hub/Editor/2022.2.10f1/Editor/Data/Resources/UnitySubsystems
[Subsystems] Discovering subsystems at path C:/Users/dt790/Desktop/知高栫專案檔/Assets
GfxDevice: creating device client; threaded=0; jobified=0
Direct3D:
    Version:  Direct3D 11.0 [level 11.1]
    Renderer: NVIDIA GeForce RTX 3060 (ID=0x2487)
    Vendor:   NVIDIA
    VRAM:     12110 MB
    Driver:   32.0.15.6081
Initialize mono
Mono path[0] = 'C:/Program Files/Unity/Hub/Editor/2022.2.10f1/Editor/Data/Managed'
Mono path[1] = 'C:/Program Files/Unity/Hub/Editor/2022.2.10f1/Editor/Data/MonoBleedingEdge/lib/mono/unityjit-win32'
Mono config path = 'C:/Program Files/Unity/Hub/Editor/2022.2.10f1/Editor/Data/MonoBleedingEdge/etc'
Using monoOptions --debugger-agent=transport=dt_socket,embedding=1,server=y,suspend=n,address=127.0.0.1:56128
Begin MonoManager ReloadAssembly
Registering precompiled unity dll's ...
Register platform support module: C:/Program Files/Unity/Hub/Editor/2022.2.10f1/Editor/Data/PlaybackEngines/WindowsStandaloneSupport/UnityEditor.WindowsStandalone.Extensions.dll
Registered in 0.012197 seconds.
- Loaded All Assemblies, in  0.393 seconds
Native extension for WindowsStandalone target not found
Mono: successfully reloaded assembly
- Finished resetting the current domain, in  0.360 seconds
Domain Reload Profiling:
	ReloadAssembly (230ms)
		BeginReloadAssembly (102ms)
			ExecutionOrderSort (0ms)
			DisableScriptedObjects (0ms)
			BackupInstance (0ms)
			ReleaseScriptingObjects (0ms)
			CreateAndSetChildDomain (1ms)
		LoadAllAssembliesAndSetupDomain (0ms)
			LoadAssemblies (98ms)
			RebuildTransferFunctionScriptingTraits (0ms)
			SetupTypeCache (154ms)
				TypeCache.Initialize (153ms)
					TypeCache.ScanAssembly (151ms)
				ResolveRequiredComponents (1ms)
		FinalizeReload (0ms)
			ReleaseScriptCaches (0ms)
			RebuildScriptCaches (0ms)
			SetupLoadedEditorAssemblies (277ms)
				LogAssemblyErrors (0ms)
				InitializePlatformSupportModulesInManaged (14ms)
				SetLoadedEditorAssemblies (11ms)
				RefreshPlugins (0ms)
				BeforeProcessingInitializeOnLoad (1ms)
				ProcessInitializeOnLoadAttributes (186ms)
				ProcessInitializeOnLoadMethodAttributes (64ms)
				AfterProcessingInitializeOnLoad (0ms)
				EditorAssembliesLoaded (0ms)
			ExecutionOrderSort2 (0ms)
			AwakeInstancesAfterBackupRestoration (0ms)
========================================================================
Worker process is ready to serve import requests
Begin MonoManager ReloadAssembly
- Loaded All Assemblies, in  0.723 seconds
Refreshing native plugins compatible for Editor in 6.00 ms, found 3 plugins.
Native extension for WindowsStandalone target not found
[MODES] ModeService[none].Initialize
[MODES] ModeService[none].LoadModes
[MODES] Loading mode Default (0) for mode-current-id-知高栫
Mono: successfully reloaded assembly
- Finished resetting the current domain, in  0.857 seconds
Domain Reload Profiling:
	ReloadAssembly (267ms)
		BeginReloadAssembly (161ms)
			ExecutionOrderSort (0ms)
			DisableScriptedObjects (7ms)
			BackupInstance (0ms)
			ReleaseScriptingObjects (0ms)
			CreateAndSetChildDomain (31ms)
		LoadAllAssembliesAndSetupDomain (454ms)
			LoadAssemblies (263ms)
			RebuildTransferFunctionScriptingTraits (0ms)
			SetupTypeCache (261ms)
				TypeCache.Initialize (241ms)
					TypeCache.ScanAssembly (237ms)
				ResolveRequiredComponents (3ms)
		FinalizeReload (0ms)
			ReleaseScriptCaches (0ms)
			RebuildScriptCaches (0ms)
			SetupLoadedEditorAssemblies (662ms)
				LogAssemblyErrors (0ms)
				InitializePlatformSupportModulesInManaged (9ms)
				SetLoadedEditorAssemblies (3ms)
				RefreshPlugins (0ms)
				BeforeProcessingInitializeOnLoad (75ms)
				ProcessInitializeOnLoadAttributes (513ms)
				ProcessInitializeOnLoadMethodAttributes (50ms)
				AfterProcessingInitializeOnLoad (11ms)
				EditorAssembliesLoaded (0ms)
			ExecutionOrderSort2 (0ms)
			AwakeInstancesAfterBackupRestoration (7ms)
Launched and connected shader compiler UnityShaderCompiler.exe after 0.04 seconds
Refreshing native plugins compatible for Editor in 5.48 ms, found 3 plugins.
Preloading 0 native plugins for Editor in 0.00 ms.
Unloading 2579 Unused Serialized files (Serialized files now loaded: 0)
Unloading 59 unused Assets / (43.7 KB). Loaded Objects now: 3068.
Memory consumption went from 436.0 MB to 435.9 MB.
Total: 4.653800 ms (FindLiveObjects: 0.408400 ms CreateObjectMapping: 0.090600 ms MarkObjects: 4.077400 ms  DeleteObjects: 0.075900 ms)

AssetImportParameters requested are different than current active one (requested -> active):
  custom:video-decoder-webm-vp8: 9c59270c3fd7afecdb556c50c9e8de78 -> 
  custom:container-demuxer-ogg: 62fdf1f143b41e24485cea50d1cbac27 -> 
  custom:AudioImporter_EditorPlatform: d09bf68614088b80899f8185d706f6e7 -> 
  custom:video-codec-MediaFoundation-h265: e54d7ab0439102e2317fc1e4b246158d -> 
  custom:video-decoder-ogg-theora: a1e56fd34408186e4bbccfd4996cb3dc -> 
  custom:framework-win-MediaFoundation: 216162199b28c13a410421893ffa2e32 -> 
  custom:video-encoder-webm-vp8: eb34c28f22e8b96e1ab97ce403110664 -> 
  custom:audio-decoder-ogg-vorbis: bf7c407c2cedff20999df2af8eb42d56 -> 
  custom:container-demuxer-webm: 4f35f7cbe854078d1ac9338744f61a02 -> 
  custom:audio-encoder-webm-vorbis: bf7c407c2cedff20999df2af8eb42d56 -> 
  custom:container-muxer-webm: aa71ff27fc2769a1b78a27578f13a17b -> 
========================================================================
Received Import Request.
  Time since last request: 50832.562422 seconds.
  path: Assets/知高音效/嘎吱聲/CREAK_Wood_02_mono.wav
  artifactKey: Guid(a09607f6608490e4794a485f39d4b026) Importer(815301076,1909f56bfc062723c751e8b465ee728b)
Start importing Assets/知高音效/嘎吱聲/CREAK_Wood_02_mono.wav using Guid(a09607f6608490e4794a485f39d4b026) Importer(815301076,1909f56bfc062723c751e8b465ee728b)  -> (artifact id: 'c595c0820cf2e7d3ce046fb0b18449a5') in 0.096848 seconds 
Number of updated asset objects reloaded before import = 0
Number of asset objects unloaded after import = 2
========================================================================
Received Import Request.
  Time since last request: 0.000025 seconds.
  path: Assets/知高音效/嘎吱聲/CREAK_Door_06_mono.wav
  artifactKey: Guid(2934a314eca59274caaa4e7ee83b3742) Importer(815301076,1909f56bfc062723c751e8b465ee728b)
Start importing Assets/知高音效/嘎吱聲/CREAK_Door_06_mono.wav using Guid(2934a314eca59274caaa4e7ee83b3742) Importer(815301076,1909f56bfc062723c751e8b465ee728b)  -> (artifact id: '5bb6a6c5c50a1dfa227d7a75750268bc') in 0.015995 seconds 
Number of updated asset objects reloaded before import = 0
Number of asset objects unloaded after import = 2
========================================================================
Received Import Request.
  Time since last request: 0.000063 seconds.
  path: Assets/知高音效/嘎吱聲/CREAK_Wood_Hollow_Deep_Smooth_mono.wav
  artifactKey: Guid(efc61fc0e100bb844b72d8be59d67e7a) Importer(815301076,1909f56bfc062723c751e8b465ee728b)
Start importing Assets/知高音效/嘎吱聲/CREAK_Wood_Hollow_Deep_Smooth_mono.wav using Guid(efc61fc0e100bb844b72d8be59d67e7a) Importer(815301076,1909f56bfc062723c751e8b465ee728b)  -> (artifact id: '38297f3dbfc32b75d90a5f73f645507b') in 0.016309 seconds 
Number of updated asset objects reloaded before import = 0
Number of asset objects unloaded after import = 2
========================================================================
Received Import Request.
  Time since last request: 0.000017 seconds.
  path: Assets/知高音效/嘎吱聲/CREAK_Wood_Tree_Creak_05_Subtle_mono.wav
  artifactKey: Guid(cde24d38bfbfdb44a9c09e4384a68448) Importer(815301076,1909f56bfc062723c751e8b465ee728b)
Start importing Assets/知高音效/嘎吱聲/CREAK_Wood_Tree_Creak_05_Subtle_mono.wav using Guid(cde24d38bfbfdb44a9c09e4384a68448) Importer(815301076,1909f56bfc062723c751e8b465ee728b)  -> (artifact id: 'cbdc0e8b860b85b7da9a898629906b43') in 0.013544 seconds 
Number of updated asset objects reloaded before import = 0
Number of asset objects unloaded after import = 2
========================================================================
Received Import Request.
  Time since last request: 0.000042 seconds.
  path: Assets/知高音效/嘎吱聲/CREAK_Door_11_mono.wav
  artifactKey: Guid(08fce3126938ac34da41526b2e4479bf) Importer(815301076,1909f56bfc062723c751e8b465ee728b)
Start importing Assets/知高音效/嘎吱聲/CREAK_Door_11_mono.wav using Guid(08fce3126938ac34da41526b2e4479bf) Importer(815301076,1909f56bfc062723c751e8b465ee728b)  -> (artifact id: '4778075e4e13483064e0268fe5a62da4') in 0.012851 seconds 
Number of updated asset objects reloaded before import = 0
Number of asset objects unloaded after import = 2
========================================================================
Received Import Request.
  Time since last request: 0.000017 seconds.
  path: Assets/知高音效/嘎吱聲/CREAK_Wood_Tree_Creak_01_Subtle_mono.wav
  artifactKey: Guid(5dcda1f0c127de247bc5ca589fbec965) Importer(815301076,1909f56bfc062723c751e8b465ee728b)
Start importing Assets/知高音效/嘎吱聲/CREAK_Wood_Tree_Creak_01_Subtle_mono.wav using Guid(5dcda1f0c127de247bc5ca589fbec965) Importer(815301076,1909f56bfc062723c751e8b465ee728b)  -> (artifact id: 'e56432134cebd0f66e3a209a8f52aa7b') in 0.016328 seconds 
Number of updated asset objects reloaded before import = 0
Number of asset objects unloaded after import = 2
========================================================================
Received Import Request.
  Time since last request: 0.000070 seconds.
  path: Assets/知高音效/嘎吱聲/CREAK_Wood_Tree_Creak_02_Long_mono.wav
  artifactKey: Guid(2bd1842373c0eca478b3192c441aa651) Importer(815301076,1909f56bfc062723c751e8b465ee728b)
Start importing Assets/知高音效/嘎吱聲/CREAK_Wood_Tree_Creak_02_Long_mono.wav using Guid(2bd1842373c0eca478b3192c441aa651) Importer(815301076,1909f56bfc062723c751e8b465ee728b)  -> (artifact id: 'b3c9dc61cb8cbaa4d523e72e6d2cec06') in 0.016036 seconds 
Number of updated asset objects reloaded before import = 0
Number of asset objects unloaded after import = 2
========================================================================
Received Import Request.
  Time since last request: 0.000016 seconds.
  path: Assets/知高音效/嘎吱聲/CREAK_Door_05_mono.wav
  artifactKey: Guid(ecadb6b01cbc1904b9b3170ca81d4526) Importer(815301076,1909f56bfc062723c751e8b465ee728b)
Start importing Assets/知高音效/嘎吱聲/CREAK_Door_05_mono.wav using Guid(ecadb6b01cbc1904b9b3170ca81d4526) Importer(815301076,1909f56bfc062723c751e8b465ee728b)  -> (artifact id: '5a728699e5f62bb551446351d36484e4') in 0.015454 seconds 
Number of updated asset objects reloaded before import = 0
Number of asset objects unloaded after import = 2
========================================================================
Received Import Request.
  Time since last request: 0.001170 seconds.
  path: Assets/知高音效/嘎吱聲/CREAK_Wood_Tree_Creak_03_Subtle_mono.wav
  artifactKey: Guid(15ac021b6b7ab06428e6e52dabfded5c) Importer(815301076,1909f56bfc062723c751e8b465ee728b)
Start importing Assets/知高音效/嘎吱聲/CREAK_Wood_Tree_Creak_03_Subtle_mono.wav using Guid(15ac021b6b7ab06428e6e52dabfded5c) Importer(815301076,1909f56bfc062723c751e8b465ee728b)  -> (artifact id: '320fddec9f505c6ae0a1119ca6dcaf8b') in 0.015947 seconds 
Number of updated asset objects reloaded before import = 0
Number of asset objects unloaded after import = 2
========================================================================
Received Import Request.
  Time since last request: 0.000143 seconds.
  path: Assets/知高音效/嘎吱聲/CREAK_Door_04_mono.wav
  artifactKey: Guid(693d1d452555b56458546f12e48a508c) Importer(815301076,1909f56bfc062723c751e8b465ee728b)
Start importing Assets/知高音效/嘎吱聲/CREAK_Door_04_mono.wav using Guid(693d1d452555b56458546f12e48a508c) Importer(815301076,1909f56bfc062723c751e8b465ee728b)  -> (artifact id: '3a23f539e2286b3a4e9dcf4f8ae84db1') in 0.016820 seconds 
Number of updated asset objects reloaded before import = 0
Number of asset objects unloaded after import = 2
========================================================================
Received Import Request.
  Time since last request: 0.000143 seconds.
  path: Assets/知高音效/嘎吱聲/CREAK_Wood_Bright_Fast_mono.wav
  artifactKey: Guid(547a903431c508d4d92f4244ce46bf46) Importer(815301076,1909f56bfc062723c751e8b465ee728b)
Start importing Assets/知高音效/嘎吱聲/CREAK_Wood_Bright_Fast_mono.wav using Guid(547a903431c508d4d92f4244ce46bf46) Importer(815301076,1909f56bfc062723c751e8b465ee728b)  -> (artifact id: '07d19b1aa7d1e5de859e6f26f00c9ac8') in 0.015689 seconds 
Number of updated asset objects reloaded before import = 0
Number of asset objects unloaded after import = 2
========================================================================
Received Import Request.
  Time since last request: 0.000273 seconds.
  path: Assets/知高音效/嘎吱聲/CREAK_Door_08_mono.wav
  artifactKey: Guid(c9c4637c7cc74f649b6a57878d79d22d) Importer(815301076,1909f56bfc062723c751e8b465ee728b)
Start importing Assets/知高音效/嘎吱聲/CREAK_Door_08_mono.wav using Guid(c9c4637c7cc74f649b6a57878d79d22d) Importer(815301076,1909f56bfc062723c751e8b465ee728b)  -> (artifact id: '414211cedf33a075198d01f4ea65830b') in 0.014602 seconds 
Number of updated asset objects reloaded before import = 0
Number of asset objects unloaded after import = 2
========================================================================
Received Import Request.
  Time since last request: 0.000017 seconds.
  path: Assets/知高音效/嘎吱聲/CREAK_Door_12_mono.wav
  artifactKey: Guid(274a4e05c0b55764a844860bcbd62b7c) Importer(815301076,1909f56bfc062723c751e8b465ee728b)
Start importing Assets/知高音效/嘎吱聲/CREAK_Door_12_mono.wav using Guid(274a4e05c0b55764a844860bcbd62b7c) Importer(815301076,1909f56bfc062723c751e8b465ee728b)  -> (artifact id: 'f582b932cc4ad683e37ff125b4b1a975') in 0.015204 seconds 
Number of updated asset objects reloaded before import = 0
Number of asset objects unloaded after import = 2
========================================================================
Received Import Request.
  Time since last request: 0.000016 seconds.
  path: Assets/知高音效/嘎吱聲/CREAK_Door_03_mono.wav
  artifactKey: Guid(61d5fe1d1eab9874b81707f0dcaeddf0) Importer(815301076,1909f56bfc062723c751e8b465ee728b)
Start importing Assets/知高音效/嘎吱聲/CREAK_Door_03_mono.wav using Guid(61d5fe1d1eab9874b81707f0dcaeddf0) Importer(815301076,1909f56bfc062723c751e8b465ee728b)  -> (artifact id: 'b39a1e2953daffe95f68a5917257d25e') in 0.014111 seconds 
Number of updated asset objects reloaded before import = 0
Number of asset objects unloaded after import = 2
========================================================================
Received Import Request.
  Time since last request: 0.000019 seconds.
  path: Assets/知高音效/嘎吱聲/CREAK_Subtle_01_mono.wav
  artifactKey: Guid(d9c9c31c6eda6a84ba5c9e9d74628f6f) Importer(815301076,1909f56bfc062723c751e8b465ee728b)
Start importing Assets/知高音效/嘎吱聲/CREAK_Subtle_01_mono.wav using Guid(d9c9c31c6eda6a84ba5c9e9d74628f6f) Importer(815301076,1909f56bfc062723c751e8b465ee728b)  -> (artifact id: '3e9058a047143584a37c09bd084bc39c') in 0.013388 seconds 
Number of updated asset objects reloaded before import = 0
Number of asset objects unloaded after import = 2
========================================================================
Received Import Request.
  Time since last request: 0.000027 seconds.
  path: Assets/知高音效/嘎吱聲/CREAK_Door_02_mono.wav
  artifactKey: Guid(a636ebd553220054ea767fb95006cfb1) Importer(815301076,1909f56bfc062723c751e8b465ee728b)
Start importing Assets/知高音效/嘎吱聲/CREAK_Door_02_mono.wav using Guid(a636ebd553220054ea767fb95006cfb1) Importer(815301076,1909f56bfc062723c751e8b465ee728b)  -> (artifact id: 'bdb370167d1e573d5a314d49e730d4b4') in 0.013078 seconds 
Number of updated asset objects reloaded before import = 0
Number of asset objects unloaded after import = 2
========================================================================
Received Import Request.
  Time since last request: 0.000016 seconds.
  path: Assets/知高音效/嘎吱聲/CREAK_Wood_Hollow_02_mono.wav
  artifactKey: Guid(7bd0054d199b3d04e871c8f63815be8a) Importer(815301076,1909f56bfc062723c751e8b465ee728b)
Start importing Assets/知高音效/嘎吱聲/CREAK_Wood_Hollow_02_mono.wav using Guid(7bd0054d199b3d04e871c8f63815be8a) Importer(815301076,1909f56bfc062723c751e8b465ee728b)  -> (artifact id: '592455599e8e3ef731716b21438cdd8e') in 0.012196 seconds 
Number of updated asset objects reloaded before import = 0
Number of asset objects unloaded after import = 2
========================================================================
Received Import Request.
  Time since last request: 0.000020 seconds.
  path: Assets/知高音效/嘎吱聲/CREAK_Wood_Hollow_Deep_mono.wav
  artifactKey: Guid(33c68744be3c94c41b5c76c1a13acbc1) Importer(815301076,1909f56bfc062723c751e8b465ee728b)
Start importing Assets/知高音效/嘎吱聲/CREAK_Wood_Hollow_Deep_mono.wav using Guid(33c68744be3c94c41b5c76c1a13acbc1) Importer(815301076,1909f56bfc062723c751e8b465ee728b)  -> (artifact id: 'bd44d18c359cd044d048899c6f5de0e3') in 0.014522 seconds 
Number of updated asset objects reloaded before import = 0
Number of asset objects unloaded after import = 2
========================================================================
Received Import Request.
  Time since last request: 0.000736 seconds.
  path: Assets/知高音效/嘎吱聲/CREAK_Wood_Tree_Creak_08_Long_Clean_mono.wav
  artifactKey: Guid(5ef3815ad6bdbd440be35987cf8f1990) Importer(815301076,1909f56bfc062723c751e8b465ee728b)
Start importing Assets/知高音效/嘎吱聲/CREAK_Wood_Tree_Creak_08_Long_Clean_mono.wav using Guid(5ef3815ad6bdbd440be35987cf8f1990) Importer(815301076,1909f56bfc062723c751e8b465ee728b)  -> (artifact id: 'a894acbe21db9be1f0b67c25dd7b8296') in 0.015868 seconds 
Number of updated asset objects reloaded before import = 0
Number of asset objects unloaded after import = 2
========================================================================
Received Import Request.
  Time since last request: 0.000015 seconds.
  path: Assets/知高音效/嘎吱聲/CREAK_Door_10_mono.wav
  artifactKey: Guid(43ee99982de87f049bc495e14865d27e) Importer(815301076,1909f56bfc062723c751e8b465ee728b)
Start importing Assets/知高音效/嘎吱聲/CREAK_Door_10_mono.wav using Guid(43ee99982de87f049bc495e14865d27e) Importer(815301076,1909f56bfc062723c751e8b465ee728b)  -> (artifact id: '16c223d585b77511f92ec6d63a9dff79') in 0.013487 seconds 
Number of updated asset objects reloaded before import = 0
Number of asset objects unloaded after import = 2
========================================================================
Received Import Request.
  Time since last request: 0.000015 seconds.
  path: Assets/知高音效/嘎吱聲/CREAK_Wood_Tree_Creak_07_Loud_mono.wav
  artifactKey: Guid(5f97f8fc7930be94e85dfc29f42e2f95) Importer(815301076,1909f56bfc062723c751e8b465ee728b)
Start importing Assets/知高音效/嘎吱聲/CREAK_Wood_Tree_Creak_07_Loud_mono.wav using Guid(5f97f8fc7930be94e85dfc29f42e2f95) Importer(815301076,1909f56bfc062723c751e8b465ee728b)  -> (artifact id: '46470fcae056371680a2be30beca6ee9') in 0.013013 seconds 
Number of updated asset objects reloaded before import = 0
Number of asset objects unloaded after import = 2
========================================================================
Received Import Request.
  Time since last request: 0.000021 seconds.
  path: Assets/知高音效/嘎吱聲/CREAK_Wood_Tree_Creak_09_Bright_mono.wav
  artifactKey: Guid(f253bf8a9d49b7a498e0b10c0de2139b) Importer(815301076,1909f56bfc062723c751e8b465ee728b)
Start importing Assets/知高音效/嘎吱聲/CREAK_Wood_Tree_Creak_09_Bright_mono.wav using Guid(f253bf8a9d49b7a498e0b10c0de2139b) Importer(815301076,1909f56bfc062723c751e8b465ee728b)  -> (artifact id: '8133d47bf53eca0c85281ec07e39ed3a') in 0.012664 seconds 
Number of updated asset objects reloaded before import = 0
Number of asset objects unloaded after import = 2
========================================================================
Received Import Request.
  Time since last request: 0.000335 seconds.
  path: Assets/知高音效/嘎吱聲/CREAK_Subtle_02_mono.wav
  artifactKey: Guid(fec691feacbfe384fbf9f7f65c38e38a) Importer(815301076,1909f56bfc062723c751e8b465ee728b)
Start importing Assets/知高音效/嘎吱聲/CREAK_Subtle_02_mono.wav using Guid(fec691feacbfe384fbf9f7f65c38e38a) Importer(815301076,1909f56bfc062723c751e8b465ee728b)  -> (artifact id: 'f493424c9a3bdf859d8b147ae1bb1ffe') in 0.011812 seconds 
Number of updated asset objects reloaded before import = 0
Number of asset objects unloaded after import = 2
========================================================================
Received Import Request.
  Time since last request: 0.000017 seconds.
  path: Assets/知高音效/嘎吱聲/CREAK_Wood_Tree_Creak_04_Quick_mono.wav
  artifactKey: Guid(5f104086ab78a074aa354d037154f9a5) Importer(815301076,1909f56bfc062723c751e8b465ee728b)
Start importing Assets/知高音效/嘎吱聲/CREAK_Wood_Tree_Creak_04_Quick_mono.wav using Guid(5f104086ab78a074aa354d037154f9a5) Importer(815301076,1909f56bfc062723c751e8b465ee728b)  -> (artifact id: '5c34ff8a448e6c6cfb0e0ce2445b7269') in 0.012837 seconds 
Number of updated asset objects reloaded before import = 0
Number of asset objects unloaded after import = 2
========================================================================
Received Import Request.
  Time since last request: 0.000015 seconds.
  path: Assets/知高音效/嘎吱聲/CREAK_Wood_Tree_Creak_10_Bright_Very_Subtle_mono.wav
  artifactKey: Guid(7ec4de94e09b306478db3425b32a1124) Importer(815301076,1909f56bfc062723c751e8b465ee728b)
Start importing Assets/知高音效/嘎吱聲/CREAK_Wood_Tree_Creak_10_Bright_Very_Subtle_mono.wav using Guid(7ec4de94e09b306478db3425b32a1124) Importer(815301076,1909f56bfc062723c751e8b465ee728b)  -> (artifact id: '9429c5a3021483ea26b0c814859706d8') in 0.013211 seconds 
Number of updated asset objects reloaded before import = 0
Number of asset objects unloaded after import = 2
========================================================================
Received Import Request.
  Time since last request: 0.000015 seconds.
  path: Assets/知高音效/嘎吱聲/CREAK_Wood_03_mono.wav
  artifactKey: Guid(8c3af26ce22c604478be82e288e6fa27) Importer(815301076,1909f56bfc062723c751e8b465ee728b)
Start importing Assets/知高音效/嘎吱聲/CREAK_Wood_03_mono.wav using Guid(8c3af26ce22c604478be82e288e6fa27) Importer(815301076,1909f56bfc062723c751e8b465ee728b)  -> (artifact id: '8c1bebc5bd49b45fa94c9f80fe3d8951') in 0.014596 seconds 
Number of updated asset objects reloaded before import = 0
Number of asset objects unloaded after import = 2
========================================================================
Received Import Request.
  Time since last request: 0.000014 seconds.
  path: Assets/知高音效/嘎吱聲/CREAK_Deep_Long_Wood_01_mono.wav
  artifactKey: Guid(af785ecbeedfd2e42a0f4422f5119e60) Importer(815301076,1909f56bfc062723c751e8b465ee728b)
Start importing Assets/知高音效/嘎吱聲/CREAK_Deep_Long_Wood_01_mono.wav using Guid(af785ecbeedfd2e42a0f4422f5119e60) Importer(815301076,1909f56bfc062723c751e8b465ee728b)  -> (artifact id: '079504adc187ad33b1388759d83c1e3b') in 0.012641 seconds 
Number of updated asset objects reloaded before import = 0
Number of asset objects unloaded after import = 2
========================================================================
Received Import Request.
  Time since last request: 9.106489 seconds.
  path: Assets/音樂
  artifactKey: Guid(9147b8ea18885434a95da91a507e4ccc) Importer(815301076,1909f56bfc062723c751e8b465ee728b)
Start importing Assets/音樂 using Guid(9147b8ea18885434a95da91a507e4ccc) Importer(815301076,1909f56bfc062723c751e8b465ee728b)  -> (artifact id: '8181387932702a762c32fc33a30b9913') in 0.000503 seconds 
Number of updated asset objects reloaded before import = 0
Number of asset objects unloaded after import = 0
========================================================================
Received Import Request.
  Time since last request: 46.448674 seconds.
  path: Assets/場景物件/金幣旋轉.anim
  artifactKey: Guid(6badc02eff433514f8e59acc62799c28) Importer(815301076,1909f56bfc062723c751e8b465ee728b)
Start importing Assets/場景物件/金幣旋轉.anim using Guid(6badc02eff433514f8e59acc62799c28) Importer(815301076,1909f56bfc062723c751e8b465ee728b)  -> (artifact id: '2f917eb80994f810410cb11cfe9dbf0c') in 0.001355 seconds 
Number of updated asset objects reloaded before import = 0
Number of asset objects unloaded after import = 1
========================================================================
Received Import Request.
  Time since last request: 1.473631 seconds.
  path: Assets/場景物件/金幣.anim
  artifactKey: Guid(4fe220a19e2c48a4faa305c7b51e74b7) Importer(815301076,1909f56bfc062723c751e8b465ee728b)
Start importing Assets/場景物件/金幣.anim using Guid(4fe220a19e2c48a4faa305c7b51e74b7) Importer(815301076,1909f56bfc062723c751e8b465ee728b)  -> (artifact id: '38b000aca5f0d8edb8067805c7f90103') in 0.000881 seconds 
Number of updated asset objects reloaded before import = 0
Number of asset objects unloaded after import = 1
========================================================================
Received Import Request.
  Time since last request: 1.194131 seconds.
  path: Assets/場景物件/Coin.controller
  artifactKey: Guid(34c73b7d285afbd4887cf7da32aae26d) Importer(815301076,1909f56bfc062723c751e8b465ee728b)
Start importing Assets/場景物件/Coin.controller using Guid(34c73b7d285afbd4887cf7da32aae26d) Importer(815301076,1909f56bfc062723c751e8b465ee728b)  -> (artifact id: '25652ed559fcf4537a3b4f9c3a5b5eb6') in 0.001469 seconds 
Number of updated asset objects reloaded before import = 0
Number of asset objects unloaded after import = 2
========================================================================
Received Import Request.
  Time since last request: 1.354004 seconds.
  path: Assets/場景物件/image 1.controller
  artifactKey: Guid(733160e496504bf4dafdcf95f22f9399) Importer(815301076,1909f56bfc062723c751e8b465ee728b)
Start importing Assets/場景物件/image 1.controller using Guid(733160e496504bf4dafdcf95f22f9399) Importer(815301076,1909f56bfc062723c751e8b465ee728b)  -> (artifact id: '0c3eedf36b2449de4a2cbecc16e307ca') in 0.000972 seconds 
Number of updated asset objects reloaded before import = 0
Number of asset objects unloaded after import = 3
========================================================================
Received Import Request.
  Time since last request: 7.881637 seconds.
  path: Assets/場景/遊戲畫面.unity
  artifactKey: Guid(aae30c35c310c294ca9196420ced4958) Importer(815301076,1909f56bfc062723c751e8b465ee728b)
Start importing Assets/場景/遊戲畫面.unity using Guid(aae30c35c310c294ca9196420ced4958) Importer(815301076,1909f56bfc062723c751e8b465ee728b)  -> (artifact id: '876bd9797859887eb640abd3aba7acd5') in 0.000516 seconds 
Number of updated asset objects reloaded before import = 0
Number of asset objects unloaded after import = 0
========================================================================
Received Import Request.
  Time since last request: 12.604490 seconds.
  path: Assets/練習/Melee (1).controller
  artifactKey: Guid(efadf8762e7e99944967f0a29de09171) Importer(815301076,1909f56bfc062723c751e8b465ee728b)
Start importing Assets/練習/Melee (1).controller using Guid(efadf8762e7e99944967f0a29de09171) Importer(815301076,1909f56bfc062723c751e8b465ee728b)  -> (artifact id: '34729e4befbc618f2ab83a95def27cdc') in 0.000883 seconds 
Number of updated asset objects reloaded before import = 0
Number of asset objects unloaded after import = 3
========================================================================
Received Import Request.
  Time since last request: 0.885240 seconds.
  path: Assets/練習/Idle (3) 1.controller
  artifactKey: Guid(bdd84b579ddccd44c9b7076eadcfdb2d) Importer(815301076,1909f56bfc062723c751e8b465ee728b)
Start importing Assets/練習/Idle (3) 1.controller using Guid(bdd84b579ddccd44c9b7076eadcfdb2d) Importer(815301076,1909f56bfc062723c751e8b465ee728b)  -> (artifact id: '0a3a92527fa83eb8e7a9fc01c88f6cab') in 0.001475 seconds 
Number of updated asset objects reloaded before import = 0
Number of asset objects unloaded after import = 11
========================================================================
Received Import Request.
  Time since last request: 7.962689 seconds.
  path: Assets/練習/Idle (3).controller
  artifactKey: Guid(f603cabda48a17c458e98fa2472a2385) Importer(815301076,1909f56bfc062723c751e8b465ee728b)
Start importing Assets/練習/Idle (3).controller using Guid(f603cabda48a17c458e98fa2472a2385) Importer(815301076,1909f56bfc062723c751e8b465ee728b)  -> (artifact id: 'fed5c8491169644a105a41be9c5b1336') in 0.000993 seconds 
Number of updated asset objects reloaded before import = 0
Number of asset objects unloaded after import = 2
========================================================================
Received Import Request.
  Time since last request: 0.766923 seconds.
  path: Assets/練習/Idle (1).controller
  artifactKey: Guid(02b22d72bf7a5374da5e57ddc2f74a84) Importer(815301076,1909f56bfc062723c751e8b465ee728b)
Start importing Assets/練習/Idle (1).controller using Guid(02b22d72bf7a5374da5e57ddc2f74a84) Importer(815301076,1909f56bfc062723c751e8b465ee728b)  -> (artifact id: 'ada8ca3a2312297325576267584772ca') in 0.001383 seconds 
Number of updated asset objects reloaded before import = 0
Number of asset objects unloaded after import = 4
========================================================================
Received Import Request.
  Time since last request: 0.751187 seconds.
  path: Assets/練習/動畫練習.unity
  artifactKey: Guid(63347b9b7a68d9248a3b73c53b425e7f) Importer(815301076,1909f56bfc062723c751e8b465ee728b)
Start importing Assets/練習/動畫練習.unity using Guid(63347b9b7a68d9248a3b73c53b425e7f) Importer(815301076,1909f56bfc062723c751e8b465ee728b)  -> (artifact id: 'd807684e56825dd11d9a7998b62da5b0') in 0.000426 seconds 
Number of updated asset objects reloaded before import = 0
Number of asset objects unloaded after import = 0
========================================================================
Received Import Request.
  Time since last request: 0.957876 seconds.
  path: Assets/練習/動畫練習Settings.lighting
  artifactKey: Guid(51b662b214504be45902cd62f38915db) Importer(815301076,1909f56bfc062723c751e8b465ee728b)
Start importing Assets/練習/動畫練習Settings.lighting using Guid(51b662b214504be45902cd62f38915db) Importer(815301076,1909f56bfc062723c751e8b465ee728b)  -> (artifact id: 'd100858b635117b193a6b4c67180a8f2') in 0.000982 seconds 
Number of updated asset objects reloaded before import = 0
Number of asset objects unloaded after import = 1
========================================================================
Received Import Request.
  Time since last request: 7.138141 seconds.
  path: Assets/美術資料/PPT封面圖/第零次
  artifactKey: Guid(05c51e51202a8a24daa8110415c7c6e2) Importer(815301076,1909f56bfc062723c751e8b465ee728b)
Start importing Assets/美術資料/PPT封面圖/第零次 using Guid(05c51e51202a8a24daa8110415c7c6e2) Importer(815301076,1909f56bfc062723c751e8b465ee728b)  -> (artifact id: 'aa171decdfde3ed677f16f43e95933cd') in 0.000491 seconds 
Number of updated asset objects reloaded before import = 0
Number of asset objects unloaded after import = 0
========================================================================
Received Import Request.
  Time since last request: 5.795741 seconds.
  path: Assets/美術資料/PPT封面圖/第一次
  artifactKey: Guid(a7cbd2c21435d35408782ac3e174df71) Importer(815301076,1909f56bfc062723c751e8b465ee728b)
Start importing Assets/美術資料/PPT封面圖/第一次 using Guid(a7cbd2c21435d35408782ac3e174df71) Importer(815301076,1909f56bfc062723c751e8b465ee728b)  -> (artifact id: 'da1ff0a0cc561b6908a920ce047d5664') in 0.000453 seconds 
Number of updated asset objects reloaded before import = 0
Number of asset objects unloaded after import = 0
========================================================================
Received Import Request.
  Time since last request: 21.571948 seconds.
  path: Assets/美術資料/主角圖/Materials
  artifactKey: Guid(948407d8fbda457479e146ad67b70870) Importer(815301076,1909f56bfc062723c751e8b465ee728b)
Start importing Assets/美術資料/主角圖/Materials using Guid(948407d8fbda457479e146ad67b70870) Importer(815301076,1909f56bfc062723c751e8b465ee728b)  -> (artifact id: '422772e7ed758dad1c1149d5bc2ad841') in 0.000609 seconds 
Number of updated asset objects reloaded before import = 0
Number of asset objects unloaded after import = 0
========================================================================
Received Import Request.
  Time since last request: 0.060191 seconds.
  path: Assets/美術資料/主角圖/Materials/Mt.goddess 1.mat
  artifactKey: Guid(2eb3405043b7abc4aa28fff43a78755b) Importer(815301076,1909f56bfc062723c751e8b465ee728b)
Start importing Assets/美術資料/主角圖/Materials/Mt.goddess 1.mat using Guid(2eb3405043b7abc4aa28fff43a78755b) Importer(815301076,1909f56bfc062723c751e8b465ee728b)  -> (artifact id: '5438891c4b161307289de0f97508c5b0') in 0.045474 seconds 
Number of updated asset objects reloaded before import = 0
Number of asset objects unloaded after import = 2
========================================================================
Received Import Request.
  Time since last request: 3.987934 seconds.
  path: Assets/美術資料/敵人_摺疊傘學妹/雨傘妹.prefab
  artifactKey: Guid(abfac942e0db65c4091512c3d6c1ba36) Importer(815301076,1909f56bfc062723c751e8b465ee728b)
Start importing Assets/美術資料/敵人_摺疊傘學妹/雨傘妹.prefab using Guid(abfac942e0db65c4091512c3d6c1ba36) Importer(815301076,1909f56bfc062723c751e8b465ee728b)  -> (artifact id: '4b7a18c773adfede6f47b38f831162a8') in 0.048133 seconds 
Internal: There are remaining Allocations on the JobTempAlloc. This is a leak, and will impact performance
To Debug, run app with -diag-job-temp-memory-leak-validation cmd line argument. This will output the callstacks of the leaked allocations.
Number of updated asset objects reloaded before import = 0
Number of asset objects unloaded after import = 65
========================================================================
Received Import Request.
  Time since last request: 18.912547 seconds.
  path: Assets/美術資料/角色動作/敵人_小錐/cony拆件完畢.prefab
  artifactKey: Guid(5d6eaf28955d95f4cb688af1da2a4d98) Importer(815301076,1909f56bfc062723c751e8b465ee728b)
Start importing Assets/美術資料/角色動作/敵人_小錐/cony拆件完畢.prefab using Guid(5d6eaf28955d95f4cb688af1da2a4d98) Importer(815301076,1909f56bfc062723c751e8b465ee728b)  -> (artifact id: '01c80aff3d2d2b11f1ecefb6f493ff47') in 0.016334 seconds 
Internal: There are remaining Allocations on the JobTempAlloc. This is a leak, and will impact performance
To Debug, run app with -diag-job-temp-memory-leak-validation cmd line argument. This will output the callstacks of the leaked allocations.
Number of updated asset objects reloaded before import = 0
Number of asset objects unloaded after import = 25
========================================================================
Received Import Request.
  Time since last request: 10.840051 seconds.
  path: Assets/場景/選單.unity
  artifactKey: Guid(875e93768ea734a4e9b3f724bd54a65d) Importer(815301076,1909f56bfc062723c751e8b465ee728b)
Start importing Assets/場景/選單.unity using Guid(875e93768ea734a4e9b3f724bd54a65d) Importer(815301076,1909f56bfc062723c751e8b465ee728b)  -> (artifact id: '6cffeac8d651468e1553cf2bfff70330') in 0.000423 seconds 
Internal: There are remaining Allocations on the JobTempAlloc. This is a leak, and will impact performance
To Debug, run app with -diag-job-temp-memory-leak-validation cmd line argument. This will output the callstacks of the leaked allocations.
Number of updated asset objects reloaded before import = 0
Number of asset objects unloaded after import = 0
========================================================================
Received Import Request.
  Time since last request: 27.697223 seconds.
  path: Assets/調色盤/1.asset
  artifactKey: Guid(e9ae72234bf0e4044b23d441c048b099) Importer(815301076,1909f56bfc062723c751e8b465ee728b)
Start importing Assets/調色盤/1.asset using Guid(e9ae72234bf0e4044b23d441c048b099) Importer(815301076,1909f56bfc062723c751e8b465ee728b)  -> (artifact id: '0e5847db1f432c2117e7cb2aed58296a') in 0.004242 seconds 
Internal: There are remaining Allocations on the JobTempAlloc. This is a leak, and will impact performance
To Debug, run app with -diag-job-temp-memory-leak-validation cmd line argument. This will output the callstacks of the leaked allocations.
Number of updated asset objects reloaded before import = 0
Number of asset objects unloaded after import = 1
========================================================================
Received Import Request.
  Time since last request: 0.003263 seconds.
  path: Assets/調色盤/3.asset
  artifactKey: Guid(3d1ab2d682928f74c939f45f5d4515ed) Importer(815301076,1909f56bfc062723c751e8b465ee728b)
Start importing Assets/調色盤/3.asset using Guid(3d1ab2d682928f74c939f45f5d4515ed) Importer(815301076,1909f56bfc062723c751e8b465ee728b)  -> (artifact id: '017c6ed3464ec747a3eb397f5c41e58a') in 0.002567 seconds 
Internal: There are remaining Allocations on the JobTempAlloc. This is a leak, and will impact performance
To Debug, run app with -diag-job-temp-memory-leak-validation cmd line argument. This will output the callstacks of the leaked allocations.
Number of updated asset objects reloaded before import = 0
Number of asset objects unloaded after import = 1
========================================================================
Received Import Request.
  Time since last request: 0.000015 seconds.
  path: Assets/調色盤/6.asset
  artifactKey: Guid(c5b9037a8c0e63d438f2039a57afe36f) Importer(815301076,1909f56bfc062723c751e8b465ee728b)
Start importing Assets/調色盤/6.asset using Guid(c5b9037a8c0e63d438f2039a57afe36f) Importer(815301076,1909f56bfc062723c751e8b465ee728b)  -> (artifact id: 'fcef5427764b7450a75feff45186484c') in 0.002258 seconds 
Internal: There are remaining Allocations on the JobTempAlloc. This is a leak, and will impact performance
To Debug, run app with -diag-job-temp-memory-leak-validation cmd line argument. This will output the callstacks of the leaked allocations.
Number of updated asset objects reloaded before import = 0
Number of asset objects unloaded after import = 1
========================================================================
Received Import Request.
  Time since last request: 0.000015 seconds.
  path: Assets/調色盤/15.asset
  artifactKey: Guid(40f667b7bd787bc4a8af160ac20542b3) Importer(815301076,1909f56bfc062723c751e8b465ee728b)
Start importing Assets/調色盤/15.asset using Guid(40f667b7bd787bc4a8af160ac20542b3) Importer(815301076,1909f56bfc062723c751e8b465ee728b)  -> (artifact id: '9e65e9b1a86faf90bf9e56c3ab8c68b0') in 0.001820 seconds 
Internal: There are remaining Allocations on the JobTempAlloc. This is a leak, and will impact performance
To Debug, run app with -diag-job-temp-memory-leak-validation cmd line argument. This will output the callstacks of the leaked allocations.
Number of updated asset objects reloaded before import = 0
Number of asset objects unloaded after import = 1
========================================================================
Received Import Request.
  Time since last request: 0.000013 seconds.
  path: Assets/調色盤/Cactus (1).asset
  artifactKey: Guid(5f1bf4a4dcf4a7444b1e60e809f4db97) Importer(815301076,1909f56bfc062723c751e8b465ee728b)
Start importing Assets/調色盤/Cactus (1).asset using Guid(5f1bf4a4dcf4a7444b1e60e809f4db97) Importer(815301076,1909f56bfc062723c751e8b465ee728b)  -> (artifact id: '3cb08efbb5d32a4f96203c51e7434f66') in 0.001551 seconds 
Internal: There are remaining Allocations on the JobTempAlloc. This is a leak, and will impact performance
To Debug, run app with -diag-job-temp-memory-leak-validation cmd line argument. This will output the callstacks of the leaked allocations.
Number of updated asset objects reloaded before import = 0
Number of asset objects unloaded after import = 1
========================================================================
Received Import Request.
  Time since last request: 0.000011 seconds.
  path: Assets/調色盤/Grass (2).asset
  artifactKey: Guid(bdf55db0dadbb6d449ec4009cbdb33d5) Importer(815301076,1909f56bfc062723c751e8b465ee728b)
Start importing Assets/調色盤/Grass (2).asset using Guid(bdf55db0dadbb6d449ec4009cbdb33d5) Importer(815301076,1909f56bfc062723c751e8b465ee728b)  -> (artifact id: '1926aad6a8d420323549bb9f5b22fe87') in 0.001411 seconds 
Internal: There are remaining Allocations on the JobTempAlloc. This is a leak, and will impact performance
To Debug, run app with -diag-job-temp-memory-leak-validation cmd line argument. This will output the callstacks of the leaked allocations.
Number of updated asset objects reloaded before import = 0
Number of asset objects unloaded after import = 1
========================================================================
Received Import Request.
  Time since last request: 0.000013 seconds.
  path: Assets/調色盤/StoneBlock.asset
  artifactKey: Guid(973df5a4d5020474d807a3d46f78b13d) Importer(815301076,1909f56bfc062723c751e8b465ee728b)
Start importing Assets/調色盤/StoneBlock.asset using Guid(973df5a4d5020474d807a3d46f78b13d) Importer(815301076,1909f56bfc062723c751e8b465ee728b)  -> (artifact id: '9c88e24779f11c20f0e8b8fee3834689') in 0.001283 seconds 
Internal: There are remaining Allocations on the JobTempAlloc. This is a leak, and will impact performance
To Debug, run app with -diag-job-temp-memory-leak-validation cmd line argument. This will output the callstacks of the leaked allocations.
Number of updated asset objects reloaded before import = 0
Number of asset objects unloaded after import = 1
========================================================================
Received Import Request.
  Time since last request: 0.000012 seconds.
  path: Assets/調色盤/裝飾.prefab
  artifactKey: Guid(3f7b0f6b7c1af3c40857559c1b705eb6) Importer(815301076,1909f56bfc062723c751e8b465ee728b)
Start importing Assets/調色盤/裝飾.prefab using Guid(3f7b0f6b7c1af3c40857559c1b705eb6) Importer(815301076,1909f56bfc062723c751e8b465ee728b)  -> (artifact id: 'b79c6a9e113e3fead1ed7dc9ccd77097') in 0.023109 seconds 
Internal: There are remaining Allocations on the JobTempAlloc. This is a leak, and will impact performance
To Debug, run app with -diag-job-temp-memory-leak-validation cmd line argument. This will output the callstacks of the leaked allocations.
Number of updated asset objects reloaded before import = 0
Number of asset objects unloaded after import = 25
========================================================================
Received Import Request.
  Time since last request: 0.000013 seconds.
  path: Assets/調色盤/Stone.asset
  artifactKey: Guid(198f36dd643985147bd10fda108df191) Importer(815301076,1909f56bfc062723c751e8b465ee728b)
Start importing Assets/調色盤/Stone.asset using Guid(198f36dd643985147bd10fda108df191) Importer(815301076,1909f56bfc062723c751e8b465ee728b)  -> (artifact id: '076aef8f94b23bdcc65cff7868170b45') in 0.002073 seconds 
Internal: There are remaining Allocations on the JobTempAlloc. This is a leak, and will impact performance
To Debug, run app with -diag-job-temp-memory-leak-validation cmd line argument. This will output the callstacks of the leaked allocations.
Number of updated asset objects reloaded before import = 0
Number of asset objects unloaded after import = 1
========================================================================
Received Import Request.
  Time since last request: 0.000016 seconds.
  path: Assets/調色盤/4.asset
  artifactKey: Guid(50c7423dacb4f504d818c6e1955cb72a) Importer(815301076,1909f56bfc062723c751e8b465ee728b)
Start importing Assets/調色盤/4.asset using Guid(50c7423dacb4f504d818c6e1955cb72a) Importer(815301076,1909f56bfc062723c751e8b465ee728b)  -> (artifact id: '38c14709f801e27095d127a89d93caea') in 0.002225 seconds 
Internal: There are remaining Allocations on the JobTempAlloc. This is a leak, and will impact performance
To Debug, run app with -diag-job-temp-memory-leak-validation cmd line argument. This will output the callstacks of the leaked allocations.
Number of updated asset objects reloaded before import = 0
Number of asset objects unloaded after import = 1
========================================================================
Received Import Request.
  Time since last request: 0.000015 seconds.
  path: Assets/調色盤/14.asset
  artifactKey: Guid(8fdfb04461b03ab4e9797228ff3268df) Importer(815301076,1909f56bfc062723c751e8b465ee728b)
Start importing Assets/調色盤/14.asset using Guid(8fdfb04461b03ab4e9797228ff3268df) Importer(815301076,1909f56bfc062723c751e8b465ee728b)  -> (artifact id: '5c00b79056698417b77cbd5a3b29776d') in 0.002102 seconds 
Internal: There are remaining Allocations on the JobTempAlloc. This is a leak, and will impact performance
To Debug, run app with -diag-job-temp-memory-leak-validation cmd line argument. This will output the callstacks of the leaked allocations.
Number of updated asset objects reloaded before import = 0
Number of asset objects unloaded after import = 1
========================================================================
Received Import Request.
  Time since last request: 0.000017 seconds.
  path: Assets/調色盤/7.asset
  artifactKey: Guid(7815b623c9ed1d144b8b3ad0f3ac1d13) Importer(815301076,1909f56bfc062723c751e8b465ee728b)
Start importing Assets/調色盤/7.asset using Guid(7815b623c9ed1d144b8b3ad0f3ac1d13) Importer(815301076,1909f56bfc062723c751e8b465ee728b)  -> (artifact id: 'a7dde960ddb283cb3b65889cd8ad6240') in 0.002060 seconds 
Internal: There are remaining Allocations on the JobTempAlloc. This is a leak, and will impact performance
To Debug, run app with -diag-job-temp-memory-leak-validation cmd line argument. This will output the callstacks of the leaked allocations.
Number of updated asset objects reloaded before import = 0
Number of asset objects unloaded after import = 1
========================================================================
Received Import Request.
  Time since last request: 0.000017 seconds.
  path: Assets/調色盤/16.asset
  artifactKey: Guid(6400bd80a70c366428e912309ef5ba09) Importer(815301076,1909f56bfc062723c751e8b465ee728b)
Start importing Assets/調色盤/16.asset using Guid(6400bd80a70c366428e912309ef5ba09) Importer(815301076,1909f56bfc062723c751e8b465ee728b)  -> (artifact id: 'c50be1e0beb78b98d3a3255043c6625e') in 0.001737 seconds 
Internal: There are remaining Allocations on the JobTempAlloc. This is a leak, and will impact performance
To Debug, run app with -diag-job-temp-memory-leak-validation cmd line argument. This will output the callstacks of the leaked allocations.
Number of updated asset objects reloaded before import = 0
Number of asset objects unloaded after import = 1
========================================================================
Received Import Request.
  Time since last request: 0.000010 seconds.
  path: Assets/調色盤/Grass (1).asset
  artifactKey: Guid(224f3f0cd8527b440ad84cbe1250498e) Importer(815301076,1909f56bfc062723c751e8b465ee728b)
Start importing Assets/調色盤/Grass (1).asset using Guid(224f3f0cd8527b440ad84cbe1250498e) Importer(815301076,1909f56bfc062723c751e8b465ee728b)  -> (artifact id: 'f25527ac953457e04e001c71cdbb4f3e') in 0.001525 seconds 
Internal: There are remaining Allocations on the JobTempAlloc. This is a leak, and will impact performance
To Debug, run app with -diag-job-temp-memory-leak-validation cmd line argument. This will output the callstacks of the leaked allocations.
Number of updated asset objects reloaded before import = 0
Number of asset objects unloaded after import = 1
========================================================================
Received Import Request.
  Time since last request: 0.000008 seconds.
  path: Assets/調色盤/Cactus (2).asset
  artifactKey: Guid(545072aa6da13404e98d28f0862ed6df) Importer(815301076,1909f56bfc062723c751e8b465ee728b)
Start importing Assets/調色盤/Cactus (2).asset using Guid(545072aa6da13404e98d28f0862ed6df) Importer(815301076,1909f56bfc062723c751e8b465ee728b)  -> (artifact id: 'a7ca3e0ec49a8f675e34d7d9bc42dee0') in 0.002100 seconds 
Internal: There are remaining Allocations on the JobTempAlloc. This is a leak, and will impact performance
To Debug, run app with -diag-job-temp-memory-leak-validation cmd line argument. This will output the callstacks of the leaked allocations.
Number of updated asset objects reloaded before import = 0
Number of asset objects unloaded after import = 1
========================================================================
Received Import Request.
  Time since last request: 0.000009 seconds.
  path: Assets/調色盤/8.asset
  artifactKey: Guid(6c56b09b1a693c04e94b6deaf743fb3c) Importer(815301076,1909f56bfc062723c751e8b465ee728b)
Start importing Assets/調色盤/8.asset using Guid(6c56b09b1a693c04e94b6deaf743fb3c) Importer(815301076,1909f56bfc062723c751e8b465ee728b)  -> (artifact id: '1011ee0564261817e1d8056f839be86b') in 0.001562 seconds 
Internal: There are remaining Allocations on the JobTempAlloc. This is a leak, and will impact performance
To Debug, run app with -diag-job-temp-memory-leak-validation cmd line argument. This will output the callstacks of the leaked allocations.
Number of updated asset objects reloaded before import = 0
Number of asset objects unloaded after import = 1
========================================================================
Received Import Request.
  Time since last request: 0.000066 seconds.
  path: Assets/調色盤/SignArrow.asset
  artifactKey: Guid(797b88f0795a2294e8d9664356afd3c4) Importer(815301076,1909f56bfc062723c751e8b465ee728b)
Start importing Assets/調色盤/SignArrow.asset using Guid(797b88f0795a2294e8d9664356afd3c4) Importer(815301076,1909f56bfc062723c751e8b465ee728b)  -> (artifact id: 'da5639a67389e5aa3e89f88e7c020385') in 0.001887 seconds 
Internal: There are remaining Allocations on the JobTempAlloc. This is a leak, and will impact performance
To Debug, run app with -diag-job-temp-memory-leak-validation cmd line argument. This will output the callstacks of the leaked allocations.
Number of updated asset objects reloaded before import = 0
Number of asset objects unloaded after import = 1
========================================================================
Received Import Request.
  Time since last request: 0.000016 seconds.
  path: Assets/調色盤/Sign.asset
  artifactKey: Guid(db3f618878acccf4a90a7f22274cea80) Importer(815301076,1909f56bfc062723c751e8b465ee728b)
Start importing Assets/調色盤/Sign.asset using Guid(db3f618878acccf4a90a7f22274cea80) Importer(815301076,1909f56bfc062723c751e8b465ee728b)  -> (artifact id: '69417bdc4d58f77fafe4797f18218c1d') in 0.001958 seconds 
Internal: There are remaining Allocations on the JobTempAlloc. This is a leak, and will impact performance
To Debug, run app with -diag-job-temp-memory-leak-validation cmd line argument. This will output the callstacks of the leaked allocations.
Number of updated asset objects reloaded before import = 0
Number of asset objects unloaded after import = 1
========================================================================
Received Import Request.
  Time since last request: 0.000013 seconds.
  path: Assets/調色盤/12.asset
  artifactKey: Guid(7d7dc662e94cf0d428f155ae5c079c79) Importer(815301076,1909f56bfc062723c751e8b465ee728b)
Start importing Assets/調色盤/12.asset using Guid(7d7dc662e94cf0d428f155ae5c079c79) Importer(815301076,1909f56bfc062723c751e8b465ee728b)  -> (artifact id: '26f6d5c6469b147b886f75de79a1370f') in 0.001442 seconds 
Internal: There are remaining Allocations on the JobTempAlloc. This is a leak, and will impact performance
To Debug, run app with -diag-job-temp-memory-leak-validation cmd line argument. This will output the callstacks of the leaked allocations.
Number of updated asset objects reloaded before import = 0
Number of asset objects unloaded after import = 1
========================================================================
Received Import Request.
  Time since last request: 0.000010 seconds.
  path: Assets/調色盤/Skeleton.asset
  artifactKey: Guid(881af29db5eb9084eb0846543e77d12b) Importer(815301076,1909f56bfc062723c751e8b465ee728b)
Start importing Assets/調色盤/Skeleton.asset using Guid(881af29db5eb9084eb0846543e77d12b) Importer(815301076,1909f56bfc062723c751e8b465ee728b)  -> (artifact id: 'e0b8f4dae77dc35eb1185adba27d1519') in 0.001307 seconds 
Internal: There are remaining Allocations on the JobTempAlloc. This is a leak, and will impact performance
To Debug, run app with -diag-job-temp-memory-leak-validation cmd line argument. This will output the callstacks of the leaked allocations.
Number of updated asset objects reloaded before import = 0
Number of asset objects unloaded after import = 1
========================================================================
Received Import Request.
  Time since last request: 0.000010 seconds.
  path: Assets/調色盤/Tree.asset
  artifactKey: Guid(e451fb9839e5d2140a64c22ee160e263) Importer(815301076,1909f56bfc062723c751e8b465ee728b)
Start importing Assets/調色盤/Tree.asset using Guid(e451fb9839e5d2140a64c22ee160e263) Importer(815301076,1909f56bfc062723c751e8b465ee728b)  -> (artifact id: '8df061377e7a9561d288ebbeff21716e') in 0.002268 seconds 
Internal: There are remaining Allocations on the JobTempAlloc. This is a leak, and will impact performance
To Debug, run app with -diag-job-temp-memory-leak-validation cmd line argument. This will output the callstacks of the leaked allocations.
Number of updated asset objects reloaded before import = 0
Number of asset objects unloaded after import = 1
========================================================================
Received Import Request.
  Time since last request: 0.000013 seconds.
  path: Assets/調色盤/5.asset
  artifactKey: Guid(3b353b0c1eea1f14f835c46700ade7da) Importer(815301076,1909f56bfc062723c751e8b465ee728b)
Start importing Assets/調色盤/5.asset using Guid(3b353b0c1eea1f14f835c46700ade7da) Importer(815301076,1909f56bfc062723c751e8b465ee728b)  -> (artifact id: 'fb69c6f86e5329316bd4237c64d2afb6') in 0.001157 seconds 
Internal: There are remaining Allocations on the JobTempAlloc. This is a leak, and will impact performance
To Debug, run app with -diag-job-temp-memory-leak-validation cmd line argument. This will output the callstacks of the leaked allocations.
Number of updated asset objects reloaded before import = 0
Number of asset objects unloaded after import = 1
========================================================================
Received Import Request.
  Time since last request: 0.000013 seconds.
  path: Assets/調色盤/9.asset
  artifactKey: Guid(7e7b216ba63403f40bb992a28fa73f84) Importer(815301076,1909f56bfc062723c751e8b465ee728b)
Start importing Assets/調色盤/9.asset using Guid(7e7b216ba63403f40bb992a28fa73f84) Importer(815301076,1909f56bfc062723c751e8b465ee728b)  -> (artifact id: '244642af6a86f03fc44d200e8ea698fc') in 0.001323 seconds 
Internal: There are remaining Allocations on the JobTempAlloc. This is a leak, and will impact performance
To Debug, run app with -diag-job-temp-memory-leak-validation cmd line argument. This will output the callstacks of the leaked allocations.
Number of updated asset objects reloaded before import = 0
Number of asset objects unloaded after import = 1
========================================================================
Received Import Request.
  Time since last request: 0.000016 seconds.
  path: Assets/調色盤/Crate.asset
  artifactKey: Guid(61bdbea5dbdbe374799bded1785cd6c4) Importer(815301076,1909f56bfc062723c751e8b465ee728b)
Start importing Assets/調色盤/Crate.asset using Guid(61bdbea5dbdbe374799bded1785cd6c4) Importer(815301076,1909f56bfc062723c751e8b465ee728b)  -> (artifact id: '7058eb47ffec2114b84672222058ad78') in 0.001916 seconds 
Internal: There are remaining Allocations on the JobTempAlloc. This is a leak, and will impact performance
To Debug, run app with -diag-job-temp-memory-leak-validation cmd line argument. This will output the callstacks of the leaked allocations.
Number of updated asset objects reloaded before import = 0
Number of asset objects unloaded after import = 1
========================================================================
Received Import Request.
  Time since last request: 0.000010 seconds.
  path: Assets/調色盤/Bush (2).asset
  artifactKey: Guid(ed55e41e8d1b512468b1c32581e802fe) Importer(815301076,1909f56bfc062723c751e8b465ee728b)
Start importing Assets/調色盤/Bush (2).asset using Guid(ed55e41e8d1b512468b1c32581e802fe) Importer(815301076,1909f56bfc062723c751e8b465ee728b)  -> (artifact id: '86e290eb0d9b42762f7b69cd3cf2b2b7') in 0.001220 seconds 
Internal: There are remaining Allocations on the JobTempAlloc. This is a leak, and will impact performance
To Debug, run app with -diag-job-temp-memory-leak-validation cmd line argument. This will output the callstacks of the leaked allocations.
Number of updated asset objects reloaded before import = 0
Number of asset objects unloaded after import = 1
========================================================================
Received Import Request.
  Time since last request: 0.000013 seconds.
  path: Assets/調色盤/13.asset
  artifactKey: Guid(e66c34b527ccdff4fba3c896711d3874) Importer(815301076,1909f56bfc062723c751e8b465ee728b)
Start importing Assets/調色盤/13.asset using Guid(e66c34b527ccdff4fba3c896711d3874) Importer(815301076,1909f56bfc062723c751e8b465ee728b)  -> (artifact id: 'cf34fa70c5cccf0517b23f3d0b7a9fc1') in 0.001811 seconds 
Internal: There are remaining Allocations on the JobTempAlloc. This is a leak, and will impact performance
To Debug, run app with -diag-job-temp-memory-leak-validation cmd line argument. This will output the callstacks of the leaked allocations.
Number of updated asset objects reloaded before import = 0
Number of asset objects unloaded after import = 1
========================================================================
Received Import Request.
  Time since last request: 14.014036 seconds.
  path: Assets/調色盤/地板.prefab
  artifactKey: Guid(c52ca8b0706b24a46a299b0edb20e949) Importer(815301076,1909f56bfc062723c751e8b465ee728b)
Start importing Assets/調色盤/地板.prefab using Guid(c52ca8b0706b24a46a299b0edb20e949) Importer(815301076,1909f56bfc062723c751e8b465ee728b)  -> (artifact id: '7356a2c4dcbb81f0143c4c3014b52e3d') in 0.044123 seconds 
Internal: There are remaining Allocations on the JobTempAlloc. This is a leak, and will impact performance
To Debug, run app with -diag-job-temp-memory-leak-validation cmd line argument. This will output the callstacks of the leaked allocations.
Number of updated asset objects reloaded before import = 0
Number of asset objects unloaded after import = 37
